# JRE version: OpenJDK Runtime Environment (8.0_45-b14) (build 1.8.0_45-internal-b14)
# Java VM: OpenJDK 64-Bit Server VM (25.45-b02 mixed mode linux-amd64 compressed oops)
Heap:
 PSYoungGen      total 131584K, used 52380K [0x000000076cc00000, 0x0000000776700000, 0x00000007c0000000)
  eden space 131072K, 39% used [0x000000076cc00000,0x000000076ff0f230,0x0000000774c00000)
  from space 512K, 18% used [0x0000000774c00000,0x0000000774c18000,0x0000000774c80000)
  to   space 512K, 0% used [0x0000000776680000,0x0000000776680000,0x0000000776700000)
 ParOldGen       total 171008K, used 113295K [0x00000006c6400000, 0x00000006d0b00000, 0x000000076cc00000)
  object space 171008K, 66% used [0x00000006c6400000,0x00000006cd2a3fa8,0x00000006d0b00000)
 Metaspace       used 11208K, capacity 11404K, committed 11648K, reserved 1058816K
  class space    used 1197K, capacity 1281K, committed 1408K, reserved 1048576K
GC Heap History (10 events):
Event: 1084,143 GC heap before
{Heap before GC invocations=667 (full 0):
 PSYoungGen      total 66560K, used 66112K [0x000000076cc00000, 0x0000000774d00000, 0x00000007c0000000)
  eden space 66048K, 100% used [0x000000076cc00000,0x0000000770c80000,0x0000000770c80000)
  from space 512K, 12% used [0x0000000774c80000,0x0000000774c90000,0x0000000774d00000)
  to   space 512K, 0% used [0x0000000774c00000,0x0000000774c00000,0x0000000774c80000)
 ParOldGen       total 171008K, used 100377K [0x00000006c6400000, 0x00000006d0b00000, 0x000000076cc00000)
  object space 171008K, 58% used [0x00000006c6400000,0x00000006cc606538,0x00000006d0b00000)
 Metaspace       used 11051K, capacity 11212K, committed 11520K, reserved 1058816K
  class space    used 1166K, capacity 1217K, committed 1280K, reserved 1048576K
Event: 1084,146 GC heap after
Heap after GC invocations=667 (full 0):
 PSYoungGen      total 79872K, used 128K [0x000000076cc00000, 0x0000000774d00000, 0x00000007c0000000)
  eden space 79360K, 0% used [0x000000076cc00000,0x000000076cc00000,0x0000000771980000)
  from space 512K, 25% used [0x0000000774c00000,0x0000000774c20000,0x0000000774c80000)
  to   space 512K, 0% used [0x0000000774c80000,0x0000000774c80000,0x0000000774d00000)
 ParOldGen       total 171008K, used 100385K [0x00000006c6400000, 0x00000006d0b00000, 0x000000076cc00000)
  object space 171008K, 58% used [0x00000006c6400000,0x00000006cc608538,0x00000006d0b00000)
 Metaspace       used 11051K, capacity 11212K, committed 11520K, reserved 1058816K
  class space    used 1166K, capacity 1217K, committed 1280K, reserved 1048576K
}
Event: 1084,162 GC heap before
{Heap before GC invocations=668 (full 0):
 PSYoungGen      total 79872K, used 79476K [0x000000076cc00000, 0x0000000774d00000, 0x00000007c0000000)
  eden space 79360K, 99% used [0x000000076cc00000,0x000000077197d028,0x0000000771980000)
  from space 512K, 25% used [0x0000000774c00000,0x0000000774c20000,0x0000000774c80000)
  to   space 512K, 0% used [0x0000000774c80000,0x0000000774c80000,0x0000000774d00000)
 ParOldGen       total 171008K, used 113045K [0x00000006c6400000, 0x00000006d0b00000, 0x000000076cc00000)
  object space 171008K, 66% used [0x00000006c6400000,0x00000006cd2654e8,0x00000006d0b00000)
 Metaspace       used 11051K, capacity 11212K, committed 11520K, reserved 1058816K
  class space    used 1166K, capacity 1217K, committed 1280K, reserved 1048576K
Event: 1084,164 GC heap after
Heap after GC invocations=668 (full 0):
 PSYoungGen      total 95744K, used 64K [0x000000076cc00000, 0x0000000774d00000, 0x00000007c0000000)
  eden space 95232K, 0% used [0x000000076cc00000,0x000000076cc00000,0x0000000772900000)
  from space 512K, 12% used [0x0000000774c80000,0x0000000774c90000,0x0000000774d00000)
  to   space 512K, 0% used [0x0000000774c00000,0x0000000774c00000,0x0000000774c80000)
 ParOldGen       total 171008K, used 113085K [0x00000006c6400000, 0x00000006d0b00000, 0x000000076cc00000)
  object space 171008K, 66% used [0x00000006c6400000,0x00000006cd26f4e8,0x00000006d0b00000)
 Metaspace       used 11051K, capacity 11212K, committed 11520K, reserved 1058816K
  class space    used 1166K, capacity 1217K, committed 1280K, reserved 1048576K
}
Event: 1084,713 GC heap before
{Heap before GC invocations=669 (full 0):
 PSYoungGen      total 95744K, used 95296K [0x000000076cc00000, 0x0000000774d00000, 0x00000007c0000000)
  eden space 95232K, 100% used [0x000000076cc00000,0x0000000772900000,0x0000000772900000)
  from space 512K, 12% used [0x0000000774c80000,0x0000000774c90000,0x0000000774d00000)
  to   space 512K, 0% used [0x0000000774c00000,0x0000000774c00000,0x0000000774c80000)
 ParOldGen       total 171008K, used 113089K [0x00000006c6400000, 0x00000006d0b00000, 0x000000076cc00000)
  object space 171008K, 66% used [0x00000006c6400000,0x00000006cd270670,0x00000006d0b00000)
 Metaspace       used 11052K, capacity 11212K, committed 11520K, reserved 1058816K
  class space    used 1166K, capacity 1217K, committed 1280K, reserved 1048576K
Event: 1084,716 GC heap after
Heap after GC invocations=669 (full 0):
 PSYoungGen      total 115200K, used 182K [0x000000076cc00000, 0x0000000774d00000, 0x00000007c0000000)
  eden space 114688K, 0% used [0x000000076cc00000,0x000000076cc00000,0x0000000773c00000)
  from space 512K, 35% used [0x0000000774c00000,0x0000000774c2d938,0x0000000774c80000)
  to   space 512K, 0% used [0x0000000774c80000,0x0000000774c80000,0x0000000774d00000)
 ParOldGen       total 171008K, used 113097K [0x00000006c6400000, 0x00000006d0b00000, 0x000000076cc00000)
  object space 171008K, 66% used [0x00000006c6400000,0x00000006cd272670,0x00000006d0b00000)
 Metaspace       used 11052K, capacity 11212K, committed 11520K, reserved 1058816K
  class space    used 1166K, capacity 1217K, committed 1280K, reserved 1048576K
}
Event: 1089,793 GC heap before
{Heap before GC invocations=670 (full 0):
 PSYoungGen      total 115200K, used 114870K [0x000000076cc00000, 0x0000000774d00000, 0x00000007c0000000)
  eden space 114688K, 100% used [0x000000076cc00000,0x0000000773c00000,0x0000000773c00000)
  from space 512K, 35% used [0x0000000774c00000,0x0000000774c2d938,0x0000000774c80000)
  to   space 512K, 0% used [0x0000000774c80000,0x0000000774c80000,0x0000000774d00000)
 ParOldGen       total 171008K, used 113097K [0x00000006c6400000, 0x00000006d0b00000, 0x000000076cc00000)
  object space 171008K, 66% used [0x00000006c6400000,0x00000006cd272670,0x00000006d0b00000)
 Metaspace       used 11055K, capacity 11212K, committed 11520K, reserved 1058816K
  class space    used 1166K, capacity 1217K, committed 1280K, reserved 1048576K
Event: 1089,795 GC heap after
Heap after GC invocations=670 (full 0):
 PSYoungGen      total 131584K, used 128K [0x000000076cc00000, 0x0000000775380000, 0x00000007c0000000)
  eden space 131072K, 0% used [0x000000076cc00000,0x000000076cc00000,0x0000000774c00000)
  from space 512K, 25% used [0x0000000774c80000,0x0000000774ca0000,0x0000000774d00000)
  to   space 512K, 0% used [0x0000000774c00000,0x0000000774c00000,0x0000000774c80000)
 ParOldGen       total 171008K, used 113231K [0x00000006c6400000, 0x00000006d0b00000, 0x000000076cc00000)
  object space 171008K, 66% used [0x00000006c6400000,0x00000006cd293fa8,0x00000006d0b00000)
 Metaspace       used 11055K, capacity 11212K, committed 11520K, reserved 1058816K
  class space    used 1166K, capacity 1217K, committed 1280K, reserved 1048576K
}
Event: 1095,330 GC heap before
{Heap before GC invocations=671 (full 0):
 PSYoungGen      total 131584K, used 131200K [0x000000076cc00000, 0x0000000775380000, 0x00000007c0000000)
  eden space 131072K, 100% used [0x000000076cc00000,0x0000000774c00000,0x0000000774c00000)
  from space 512K, 25% used [0x0000000774c80000,0x0000000774ca0000,0x0000000774d00000)
  to   space 512K, 0% used [0x0000000774c00000,0x0000000774c00000,0x0000000774c80000)
 ParOldGen       total 171008K, used 113231K [0x00000006c6400000, 0x00000006d0b00000, 0x000000076cc00000)
  object space 171008K, 66% used [0x00000006c6400000,0x00000006cd293fa8,0x00000006d0b00000)
 Metaspace       used 11055K, capacity 11212K, committed 11520K, reserved 1058816K
  class space    used 1166K, capacity 1217K, committed 1280K, reserved 1048576K
Event: 1095,332 GC heap after
Heap after GC invocations=671 (full 0):
 PSYoungGen      total 131584K, used 96K [0x000000076cc00000, 0x0000000776700000, 0x00000007c0000000)
  eden space 131072K, 0% used [0x000000076cc00000,0x000000076cc00000,0x0000000774c00000)
  from space 512K, 18% used [0x0000000774c00000,0x0000000774c18000,0x0000000774c80000)
  to   space 512K, 0% used [0x0000000776680000,0x0000000776680000,0x0000000776700000)
 ParOldGen       total 171008K, used 113295K [0x00000006c6400000, 0x00000006d0b00000, 0x000000076cc00000)
  object space 171008K, 66% used [0x00000006c6400000,0x00000006cd2a3fa8,0x00000006d0b00000)
 Metaspace       used 11055K, capacity 11212K, committed 11520K, reserved 1058816K
  class space    used 1166K, capacity 1217K, committed 1280K, reserved 1048576K
}

